0 info it worked if it ends with ok
1 verbose cli [ 'C:\\Program Files\\nodejs\\node.exe',
1 verbose cli   'C:\\Program Files\\nodejs\\node_modules\\npm\\bin\\npm-cli.js',
1 verbose cli   'install',
1 verbose cli   '--save',
1 verbose cli   'node' ]
2 info using npm@3.10.10
3 info using node@v6.11.4
4 silly loadCurrentTree Starting
5 silly install loadCurrentTree
6 silly install readLocalPackageData
7 silly fetchPackageMetaData node
8 silly fetchNamedPackageData node
9 silly mapToRegistry name node
10 silly mapToRegistry using default registry
11 silly mapToRegistry registry https://registry.npmjs.org/
12 silly mapToRegistry data Result {
12 silly mapToRegistry   raw: 'node',
12 silly mapToRegistry   scope: null,
12 silly mapToRegistry   escapedName: 'node',
12 silly mapToRegistry   name: 'node',
12 silly mapToRegistry   rawSpec: '',
12 silly mapToRegistry   spec: 'latest',
12 silly mapToRegistry   type: 'tag' }
13 silly mapToRegistry uri https://registry.npmjs.org/node
14 verbose request uri https://registry.npmjs.org/node
15 verbose request no auth needed
16 info attempt registry request try #1 at 8:21:26 PM
17 verbose request id c8a3afb4d27c127e
18 verbose etag W/"59f929f7-5003a"
19 verbose lastModified Wed, 01 Nov 2017 01:57:11 GMT
20 http request GET https://registry.npmjs.org/node
21 http 304 https://registry.npmjs.org/node
22 verbose headers { date: 'Wed, 01 Nov 2017 08:21:30 GMT',
22 verbose headers   via: '1.1 varnish',
22 verbose headers   'cache-control': 'max-age=300',
22 verbose headers   etag: 'W/"59f929f7-5003a"',
22 verbose headers   age: '15',
22 verbose headers   connection: 'keep-alive',
22 verbose headers   'x-served-by': 'cache-sjc3646-SJC',
22 verbose headers   'x-cache': 'HIT',
22 verbose headers   'x-cache-hits': '1',
22 verbose headers   'x-timer': 'S1509524491.831613,VS0,VE1',
22 verbose headers   vary: 'Accept-Encoding, Accept' }
23 silly get cb [ 304,
23 silly get   { date: 'Wed, 01 Nov 2017 08:21:30 GMT',
23 silly get     via: '1.1 varnish',
23 silly get     'cache-control': 'max-age=300',
23 silly get     etag: 'W/"59f929f7-5003a"',
23 silly get     age: '15',
23 silly get     connection: 'keep-alive',
23 silly get     'x-served-by': 'cache-sjc3646-SJC',
23 silly get     'x-cache': 'HIT',
23 silly get     'x-cache-hits': '1',
23 silly get     'x-timer': 'S1509524491.831613,VS0,VE1',
23 silly get     vary: 'Accept-Encoding, Accept' } ]
24 verbose etag https://registry.npmjs.org/node from cache
25 verbose get saving node to C:\Users\user\AppData\Roaming\npm-cache\registry.npmjs.org\node\.cache.json
26 verbose correctMkdir C:\Users\user\AppData\Roaming\npm-cache correctMkdir not in flight; initializing
27 silly install normalizeTree
28 silly loadCurrentTree Finishing
29 silly loadIdealTree Starting
30 silly install loadIdealTree
31 silly cloneCurrentTree Starting
32 silly install cloneCurrentTreeToIdealTree
33 silly cloneCurrentTree Finishing
34 silly loadShrinkwrap Starting
35 silly install loadShrinkwrap
36 silly loadShrinkwrap Finishing
37 silly loadAllDepsIntoIdealTree Starting
38 silly install loadAllDepsIntoIdealTree
39 silly resolveWithNewModule node@9.0.0 checking installable status
40 silly cache add args [ 'node', null ]
41 verbose cache add spec node
42 silly cache add parsed spec Result {
42 silly cache add   raw: 'node',
42 silly cache add   scope: null,
42 silly cache add   escapedName: 'node',
42 silly cache add   name: 'node',
42 silly cache add   rawSpec: '',
42 silly cache add   spec: 'latest',
42 silly cache add   type: 'tag' }
43 silly addNamed node@latest
44 verbose addNamed "latest" is being treated as a dist-tag for node
45 info addNameTag [ 'node', 'latest' ]
46 silly mapToRegistry name node
47 silly mapToRegistry using default registry
48 silly mapToRegistry registry https://registry.npmjs.org/
49 silly mapToRegistry data Result {
49 silly mapToRegistry   raw: 'node',
49 silly mapToRegistry   scope: null,
49 silly mapToRegistry   escapedName: 'node',
49 silly mapToRegistry   name: 'node',
49 silly mapToRegistry   rawSpec: '',
49 silly mapToRegistry   spec: 'latest',
49 silly mapToRegistry   type: 'tag' }
50 silly mapToRegistry uri https://registry.npmjs.org/node
51 verbose addNameTag registry:https://registry.npmjs.org/node not in flight; fetching
52 verbose get https://registry.npmjs.org/node not expired, no request
53 silly addNameTag next cb for node with tag latest
54 silly addNamed node@9.0.0
55 verbose addNamed "9.0.0" is a plain semver version for node
56 silly cache afterAdd node@9.0.0
57 verbose afterAdd C:\Users\user\AppData\Roaming\npm-cache\node\9.0.0\package\package.json not in flight; writing
58 verbose correctMkdir C:\Users\user\AppData\Roaming\npm-cache correctMkdir not in flight; initializing
59 verbose afterAdd C:\Users\user\AppData\Roaming\npm-cache\node\9.0.0\package\package.json written
60 silly fetchNamedPackageData node-bin-setup
61 silly mapToRegistry name node-bin-setup
62 silly mapToRegistry using default registry
63 silly mapToRegistry registry https://registry.npmjs.org/
64 silly mapToRegistry data Result {
64 silly mapToRegistry   raw: 'node-bin-setup',
64 silly mapToRegistry   scope: null,
64 silly mapToRegistry   escapedName: 'node-bin-setup',
64 silly mapToRegistry   name: 'node-bin-setup',
64 silly mapToRegistry   rawSpec: '',
64 silly mapToRegistry   spec: 'latest',
64 silly mapToRegistry   type: 'tag' }
65 silly mapToRegistry uri https://registry.npmjs.org/node-bin-setup
66 verbose request uri https://registry.npmjs.org/node-bin-setup
67 verbose request no auth needed
68 info attempt registry request try #1 at 8:21:27 PM
69 verbose etag W/"5976bbea-1511"
70 verbose lastModified Tue, 25 Jul 2017 03:32:58 GMT
71 http request GET https://registry.npmjs.org/node-bin-setup
72 http 304 https://registry.npmjs.org/node-bin-setup
73 verbose headers { date: 'Wed, 01 Nov 2017 08:21:31 GMT',
73 verbose headers   via: '1.1 varnish',
73 verbose headers   'cache-control': 'max-age=300',
73 verbose headers   etag: 'W/"5976bbea-1511"',
73 verbose headers   age: '14',
73 verbose headers   connection: 'keep-alive',
73 verbose headers   'x-served-by': 'cache-sjc3646-SJC',
73 verbose headers   'x-cache': 'HIT',
73 verbose headers   'x-cache-hits': '1',
73 verbose headers   'x-timer': 'S1509524491.387998,VS0,VE0',
73 verbose headers   vary: 'Accept-Encoding, Accept' }
74 silly get cb [ 304,
74 silly get   { date: 'Wed, 01 Nov 2017 08:21:31 GMT',
74 silly get     via: '1.1 varnish',
74 silly get     'cache-control': 'max-age=300',
74 silly get     etag: 'W/"5976bbea-1511"',
74 silly get     age: '14',
74 silly get     connection: 'keep-alive',
74 silly get     'x-served-by': 'cache-sjc3646-SJC',
74 silly get     'x-cache': 'HIT',
74 silly get     'x-cache-hits': '1',
74 silly get     'x-timer': 'S1509524491.387998,VS0,VE0',
74 silly get     vary: 'Accept-Encoding, Accept' } ]
75 verbose etag https://registry.npmjs.org/node-bin-setup from cache
76 verbose get saving node-bin-setup to C:\Users\user\AppData\Roaming\npm-cache\registry.npmjs.org\node-bin-setup\.cache.json
77 verbose correctMkdir C:\Users\user\AppData\Roaming\npm-cache correctMkdir not in flight; initializing
78 silly resolveWithNewModule node-bin-setup@1.0.6 checking installable status
79 silly cache add args [ 'node-bin-setup@^1.0.0', null ]
80 verbose cache add spec node-bin-setup@^1.0.0
81 silly cache add parsed spec Result {
81 silly cache add   raw: 'node-bin-setup@^1.0.0',
81 silly cache add   scope: null,
81 silly cache add   escapedName: 'node-bin-setup',
81 silly cache add   name: 'node-bin-setup',
81 silly cache add   rawSpec: '^1.0.0',
81 silly cache add   spec: '>=1.0.0 <2.0.0',
81 silly cache add   type: 'range' }
82 silly addNamed node-bin-setup@>=1.0.0 <2.0.0
83 verbose addNamed ">=1.0.0 <2.0.0" is a valid semver range for node-bin-setup
84 silly addNameRange { name: 'node-bin-setup',
84 silly addNameRange   range: '>=1.0.0 <2.0.0',
84 silly addNameRange   hasData: false }
85 silly mapToRegistry name node-bin-setup
86 silly mapToRegistry using default registry
87 silly mapToRegistry registry https://registry.npmjs.org/
88 silly mapToRegistry data Result {
88 silly mapToRegistry   raw: 'node-bin-setup',
88 silly mapToRegistry   scope: null,
88 silly mapToRegistry   escapedName: 'node-bin-setup',
88 silly mapToRegistry   name: 'node-bin-setup',
88 silly mapToRegistry   rawSpec: '',
88 silly mapToRegistry   spec: 'latest',
88 silly mapToRegistry   type: 'tag' }
89 silly mapToRegistry uri https://registry.npmjs.org/node-bin-setup
90 verbose addNameRange registry:https://registry.npmjs.org/node-bin-setup not in flight; fetching
91 verbose get https://registry.npmjs.org/node-bin-setup not expired, no request
92 silly addNameRange number 2 { name: 'node-bin-setup',
92 silly addNameRange   range: '>=1.0.0 <2.0.0',
92 silly addNameRange   hasData: true }
93 silly addNameRange versions [ 'node-bin-setup',
93 silly addNameRange   [ '1.0.0', '1.0.1', '1.0.2', '1.0.3', '1.0.4', '1.0.6' ] ]
94 silly addNamed node-bin-setup@1.0.6
95 verbose addNamed "1.0.6" is a plain semver version for node-bin-setup
96 silly cache afterAdd node-bin-setup@1.0.6
97 verbose afterAdd C:\Users\user\AppData\Roaming\npm-cache\node-bin-setup\1.0.6\package\package.json not in flight; writing
98 verbose correctMkdir C:\Users\user\AppData\Roaming\npm-cache correctMkdir not in flight; initializing
99 verbose afterAdd C:\Users\user\AppData\Roaming\npm-cache\node-bin-setup\1.0.6\package\package.json written
100 silly fetchNamedPackageData fsevents
101 silly mapToRegistry name fsevents
102 silly mapToRegistry using default registry
103 silly mapToRegistry registry https://registry.npmjs.org/
104 silly mapToRegistry data Result {
104 silly mapToRegistry   raw: 'fsevents',
104 silly mapToRegistry   scope: null,
104 silly mapToRegistry   escapedName: 'fsevents',
104 silly mapToRegistry   name: 'fsevents',
104 silly mapToRegistry   rawSpec: '',
104 silly mapToRegistry   spec: 'latest',
104 silly mapToRegistry   type: 'tag' }
105 silly mapToRegistry uri https://registry.npmjs.org/fsevents
106 verbose request uri https://registry.npmjs.org/fsevents
107 verbose request no auth needed
108 info attempt registry request try #1 at 8:21:28 PM
109 verbose etag W/"59e7e5d7-ddaf"
110 verbose lastModified Wed, 18 Oct 2017 23:37:59 GMT
111 http request GET https://registry.npmjs.org/fsevents
112 http 304 https://registry.npmjs.org/fsevents
113 verbose headers { date: 'Wed, 01 Nov 2017 08:21:31 GMT',
113 verbose headers   via: '1.1 varnish',
113 verbose headers   'cache-control': 'max-age=300',
113 verbose headers   etag: 'W/"59e7e5d7-ddaf"',
113 verbose headers   age: '288',
113 verbose headers   connection: 'keep-alive',
113 verbose headers   'x-served-by': 'cache-sjc3646-SJC',
113 verbose headers   'x-cache': 'HIT',
113 verbose headers   'x-cache-hits': '3',
113 verbose headers   'x-timer': 'S1509524492.831146,VS0,VE0',
113 verbose headers   vary: 'Accept-Encoding, Accept' }
114 silly get cb [ 304,
114 silly get   { date: 'Wed, 01 Nov 2017 08:21:31 GMT',
114 silly get     via: '1.1 varnish',
114 silly get     'cache-control': 'max-age=300',
114 silly get     etag: 'W/"59e7e5d7-ddaf"',
114 silly get     age: '288',
114 silly get     connection: 'keep-alive',
114 silly get     'x-served-by': 'cache-sjc3646-SJC',
114 silly get     'x-cache': 'HIT',
114 silly get     'x-cache-hits': '3',
114 silly get     'x-timer': 'S1509524492.831146,VS0,VE0',
114 silly get     vary: 'Accept-Encoding, Accept' } ]
115 verbose etag https://registry.npmjs.org/fsevents from cache
116 verbose get saving fsevents to C:\Users\user\AppData\Roaming\npm-cache\registry.npmjs.org\fsevents\.cache.json
117 verbose correctMkdir C:\Users\user\AppData\Roaming\npm-cache correctMkdir not in flight; initializing
118 silly resolveWithNewModule fsevents@1.1.2 checking installable status
119 silly loadAllDepsIntoIdealTree Finishing
120 silly loadIdealTree Finishing
121 silly currentTree server@1.0.0
121 silly currentTree +-- abbrev@1.1.1
121 silly currentTree +-- accepts@1.3.4
121 silly currentTree +-- ansi-align@2.0.0
121 silly currentTree +-- ansi-regex@3.0.0
121 silly currentTree +-- ansi-styles@3.2.0
121 silly currentTree +-- anymatch@1.3.2
121 silly currentTree +-- arr-diff@2.0.0
121 silly currentTree +-- arr-flatten@1.1.0
121 silly currentTree +-- array-flatten@1.1.1
121 silly currentTree +-- array-unique@0.2.1
121 silly currentTree +-- async-each@1.0.1
121 silly currentTree +-- async@2.1.4
121 silly currentTree +-- balanced-match@1.0.0
121 silly currentTree +-- binary-extensions@1.10.0
121 silly currentTree +-- bluebird@3.5.1
121 silly currentTree +-- body-parser@1.18.2
121 silly currentTree +-- boxen@1.2.2
121 silly currentTree +-- brace-expansion@1.1.8
121 silly currentTree +-- braces@1.8.5
121 silly currentTree +-- bson@1.0.4
121 silly currentTree +-- buffer-shims@1.0.0
121 silly currentTree +-- bytes@3.0.0
121 silly currentTree +-- camelcase@4.1.0
121 silly currentTree +-- capture-stack-trace@1.0.0
121 silly currentTree +-- chalk@2.3.0
121 silly currentTree +-- chokidar@1.7.0
121 silly currentTree +-- cli-boxes@1.0.0
121 silly currentTree +-- code-point-at@1.1.0
121 silly currentTree +-- color-convert@1.9.0
121 silly currentTree +-- color-name@1.1.3
121 silly currentTree +-- commander@2.6.0
121 silly currentTree +-- concat-map@0.0.1
121 silly currentTree +-- concurrently@3.5.0
121 silly currentTree | +-- ansi-regex@0.2.1
121 silly currentTree | +-- ansi-styles@1.1.0
121 silly currentTree | +-- chalk@0.5.1
121 silly currentTree | | `-- supports-color@0.2.0
121 silly currentTree | +-- has-flag@1.0.0
121 silly currentTree | +-- strip-ansi@0.3.0
121 silly currentTree | `-- supports-color@3.2.3
121 silly currentTree +-- configstore@3.1.1
121 silly currentTree +-- content-disposition@0.5.2
121 silly currentTree +-- content-type@1.0.4
121 silly currentTree +-- cookie-session@2.0.0-beta.3
121 silly currentTree | `-- debug@3.1.0
121 silly currentTree +-- cookie-signature@1.0.6
121 silly currentTree +-- cookie@0.3.1
121 silly currentTree +-- cookies@0.7.1
121 silly currentTree +-- core-util-is@1.0.2
121 silly currentTree +-- create-error-class@3.0.2
121 silly currentTree +-- cross-spawn@5.1.0
121 silly currentTree +-- crypto-random-string@1.0.0
121 silly currentTree +-- date-fns@1.29.0
121 silly currentTree +-- debug@2.6.9
121 silly currentTree +-- deep-extend@0.4.2
121 silly currentTree +-- depd@1.1.1
121 silly currentTree +-- destroy@1.0.4
121 silly currentTree +-- dot-prop@4.2.0
121 silly currentTree +-- duplexer@0.1.1
121 silly currentTree +-- duplexer3@0.1.4
121 silly currentTree +-- ee-first@1.1.1
121 silly currentTree +-- encodeurl@1.0.1
121 silly currentTree +-- es6-promise@3.3.1
121 silly currentTree +-- escape-html@1.0.3
121 silly currentTree +-- escape-string-regexp@1.0.5
121 silly currentTree +-- etag@1.8.1
121 silly currentTree +-- event-stream@3.3.4
121 silly currentTree +-- execa@0.7.0
121 silly currentTree +-- expand-brackets@0.1.5
121 silly currentTree +-- expand-range@1.8.2
121 silly currentTree +-- express@4.16.2
121 silly currentTree +-- extglob@0.3.2
121 silly currentTree +-- filename-regex@2.0.1
121 silly currentTree +-- fill-range@2.2.3
121 silly currentTree +-- finalhandler@1.1.0
121 silly currentTree +-- for-in@1.0.2
121 silly currentTree +-- for-own@0.1.5
121 silly currentTree +-- forwarded@0.1.2
121 silly currentTree +-- fresh@0.5.2
121 silly currentTree +-- from@0.1.7
121 silly currentTree +-- get-stream@3.0.0
121 silly currentTree +-- glob-base@0.3.0
121 silly currentTree +-- glob-parent@2.0.0
121 silly currentTree +-- global-dirs@0.1.0
121 silly currentTree +-- got@6.7.1
121 silly currentTree +-- graceful-fs@4.1.11
121 silly currentTree +-- has-ansi@0.1.0
121 silly currentTree | `-- ansi-regex@0.2.1
121 silly currentTree +-- has-flag@2.0.0
121 silly currentTree +-- hooks-fixed@2.0.2
121 silly currentTree +-- http-errors@1.6.2
121 silly currentTree | `-- setprototypeof@1.0.3
121 silly currentTree +-- iconv-lite@0.4.19
121 silly currentTree +-- ignore-by-default@1.0.1
121 silly currentTree +-- import-lazy@2.1.0
121 silly currentTree +-- imurmurhash@0.1.4
121 silly currentTree +-- inherits@2.0.3
121 silly currentTree +-- ini@1.3.4
121 silly currentTree +-- ipaddr.js@1.5.2
121 silly currentTree +-- is-binary-path@1.0.1
121 silly currentTree +-- is-buffer@1.1.6
121 silly currentTree +-- is-dotfile@1.0.3
121 silly currentTree +-- is-equal-shallow@0.1.3
121 silly currentTree +-- is-extendable@0.1.1
121 silly currentTree +-- is-extglob@1.0.0
121 silly currentTree +-- is-fullwidth-code-point@2.0.0
121 silly currentTree +-- is-glob@2.0.1
121 silly currentTree +-- is-installed-globally@0.1.0
121 silly currentTree +-- is-npm@1.0.0
121 silly currentTree +-- is-number@2.1.0
121 silly currentTree +-- is-obj@1.0.1
121 silly currentTree +-- is-path-inside@1.0.0
121 silly currentTree +-- is-posix-bracket@0.1.1
121 silly currentTree +-- is-primitive@2.0.0
121 silly currentTree +-- is-redirect@1.0.0
121 silly currentTree +-- is-retry-allowed@1.1.0
121 silly currentTree +-- is-stream@1.1.0
121 silly currentTree +-- isarray@1.0.0
121 silly currentTree +-- isexe@2.0.0
121 silly currentTree +-- isobject@2.1.0
121 silly currentTree +-- kareem@1.5.0
121 silly currentTree +-- keygrip@1.0.2
121 silly currentTree +-- kind-of@3.2.2
121 silly currentTree +-- latest-version@3.1.0
121 silly currentTree +-- lodash._baseassign@3.2.0
121 silly currentTree +-- lodash._basecopy@3.0.1
121 silly currentTree +-- lodash._bindcallback@3.0.1
121 silly currentTree +-- lodash._createassigner@3.1.1
121 silly currentTree +-- lodash._getnative@3.9.1
121 silly currentTree +-- lodash._isiterateecall@3.0.9
121 silly currentTree +-- lodash.assign@3.2.0
121 silly currentTree +-- lodash.defaults@3.1.2
121 silly currentTree +-- lodash.isarguments@3.1.0
121 silly currentTree +-- lodash.isarray@3.0.4
121 silly currentTree +-- lodash.keys@3.1.2
121 silly currentTree +-- lodash.restparam@3.6.1
121 silly currentTree +-- lodash@4.17.4
121 silly currentTree +-- lowercase-keys@1.0.0
121 silly currentTree +-- lru-cache@4.1.1
121 silly currentTree +-- make-dir@1.1.0
121 silly currentTree +-- map-stream@0.1.0
121 silly currentTree +-- media-typer@0.3.0
121 silly currentTree +-- merge-descriptors@1.0.1
121 silly currentTree +-- methods@1.1.2
121 silly currentTree +-- micromatch@2.3.11
121 silly currentTree +-- mime-db@1.30.0
121 silly currentTree +-- mime-types@2.1.17
121 silly currentTree +-- mime@1.4.1
121 silly currentTree +-- minimatch@3.0.4
121 silly currentTree +-- minimist@1.2.0
121 silly currentTree +-- mongodb-core@2.1.17
121 silly currentTree +-- mongodb@2.2.33
121 silly currentTree | +-- es6-promise@3.2.1
121 silly currentTree | `-- readable-stream@2.2.7
121 silly currentTree +-- mongoose@4.12.5
121 silly currentTree +-- mpath@0.3.0
121 silly currentTree +-- mpromise@0.5.5
121 silly currentTree +-- mquery@2.3.2
121 silly currentTree | `-- sliced@0.0.5
121 silly currentTree +-- ms@2.0.0
121 silly currentTree +-- muri@1.3.0
121 silly currentTree +-- negotiator@0.6.1
121 silly currentTree +-- nodemon@1.12.1
121 silly currentTree +-- nopt@1.0.10
121 silly currentTree +-- normalize-path@2.1.1
121 silly currentTree +-- npm-run-path@2.0.2
121 silly currentTree +-- number-is-nan@1.0.1
121 silly currentTree +-- oauth@0.9.15
121 silly currentTree +-- object.omit@2.0.1
121 silly currentTree +-- on-finished@2.3.0
121 silly currentTree +-- on-headers@1.0.1
121 silly currentTree +-- p-finally@1.0.0
121 silly currentTree +-- package-json@4.0.1
121 silly currentTree +-- parse-glob@3.0.4
121 silly currentTree +-- parseurl@1.3.2
121 silly currentTree +-- passport-google-oauth20@1.0.0
121 silly currentTree +-- passport-oauth2@1.4.0
121 silly currentTree +-- passport-strategy@1.0.0
121 silly currentTree +-- passport@0.4.0
121 silly currentTree +-- path-is-absolute@1.0.1
121 silly currentTree +-- path-is-inside@1.0.2
121 silly currentTree +-- path-key@2.0.1
121 silly currentTree +-- path-to-regexp@0.1.7
121 silly currentTree +-- pause-stream@0.0.11
121 silly currentTree +-- pause@0.0.1
121 silly currentTree +-- pify@3.0.0
121 silly currentTree +-- prepend-http@1.0.4
121 silly currentTree +-- preserve@0.2.0
121 silly currentTree +-- process-nextick-args@1.0.7
121 silly currentTree +-- proxy-addr@2.0.2
121 silly currentTree +-- ps-tree@1.1.0
121 silly currentTree +-- pseudomap@1.0.2
121 silly currentTree +-- qs@6.5.1
121 silly currentTree +-- randomatic@1.1.7
121 silly currentTree | +-- is-number@3.0.0
121 silly currentTree | | `-- kind-of@3.2.2
121 silly currentTree | `-- kind-of@4.0.0
121 silly currentTree +-- range-parser@1.2.0
121 silly currentTree +-- raw-body@2.3.2
121 silly currentTree +-- rc@1.2.2
121 silly currentTree +-- readable-stream@2.3.3
121 silly currentTree +-- readdirp@2.1.0
121 silly currentTree +-- regex-cache@0.4.4
121 silly currentTree +-- regexp-clone@0.0.1
121 silly currentTree +-- registry-auth-token@3.3.1
121 silly currentTree +-- registry-url@3.1.0
121 silly currentTree +-- remove-trailing-separator@1.1.0
121 silly currentTree +-- repeat-element@1.1.2
121 silly currentTree +-- repeat-string@1.6.1
121 silly currentTree +-- require_optional@1.0.1
121 silly currentTree +-- resolve-from@2.0.0
121 silly currentTree +-- rx@2.3.24
121 silly currentTree +-- safe-buffer@5.1.1
121 silly currentTree +-- semver-diff@2.1.0
121 silly currentTree +-- semver@5.4.1
121 silly currentTree +-- send@0.16.1
121 silly currentTree +-- serve-static@1.13.1
121 silly currentTree +-- set-immediate-shim@1.0.1
121 silly currentTree +-- setprototypeof@1.1.0
121 silly currentTree +-- shebang-command@1.2.0
121 silly currentTree +-- shebang-regex@1.0.0
121 silly currentTree +-- signal-exit@3.0.2
121 silly currentTree +-- sliced@1.0.1
121 silly currentTree +-- spawn-command@0.0.2-1
121 silly currentTree +-- split@0.3.3
121 silly currentTree +-- statuses@1.3.1
121 silly currentTree +-- stream-combiner@0.0.4
121 silly currentTree +-- string_decoder@1.0.3
121 silly currentTree +-- string-width@2.1.1
121 silly currentTree +-- strip-ansi@4.0.0
121 silly currentTree +-- strip-eof@1.0.0
121 silly currentTree +-- strip-json-comments@2.0.1
121 silly currentTree +-- supports-color@4.5.0
121 silly currentTree +-- term-size@1.2.0
121 silly currentTree +-- through@2.3.8
121 silly currentTree +-- timed-out@4.0.1
121 silly currentTree +-- touch@3.1.0
121 silly currentTree +-- tree-kill@1.2.0
121 silly currentTree +-- type-is@1.6.15
121 silly currentTree +-- uid2@0.0.3
121 silly currentTree +-- undefsafe@0.0.3
121 silly currentTree +-- unique-string@1.0.0
121 silly currentTree +-- unpipe@1.0.0
121 silly currentTree +-- unzip-response@2.0.1
121 silly currentTree +-- update-notifier@2.3.0
121 silly currentTree +-- url-parse-lax@1.0.0
121 silly currentTree +-- util-deprecate@1.0.2
121 silly currentTree +-- utils-merge@1.0.1
121 silly currentTree +-- vary@1.1.2
121 silly currentTree +-- which@1.3.0
121 silly currentTree +-- widest-line@1.0.0
121 silly currentTree | +-- ansi-regex@2.1.1
121 silly currentTree | +-- is-fullwidth-code-point@1.0.0
121 silly currentTree | +-- string-width@1.0.2
121 silly currentTree | `-- strip-ansi@3.0.1
121 silly currentTree +-- write-file-atomic@2.3.0
121 silly currentTree +-- xdg-basedir@3.0.0
121 silly currentTree `-- yallist@2.1.2
122 silly idealTree server@1.0.0
122 silly idealTree +-- abbrev@1.1.1
122 silly idealTree +-- accepts@1.3.4
122 silly idealTree +-- ansi-align@2.0.0
122 silly idealTree +-- ansi-regex@3.0.0
122 silly idealTree +-- ansi-styles@3.2.0
122 silly idealTree +-- anymatch@1.3.2
122 silly idealTree +-- arr-diff@2.0.0
122 silly idealTree +-- arr-flatten@1.1.0
122 silly idealTree +-- array-flatten@1.1.1
122 silly idealTree +-- array-unique@0.2.1
122 silly idealTree +-- async-each@1.0.1
122 silly idealTree +-- async@2.1.4
122 silly idealTree +-- balanced-match@1.0.0
122 silly idealTree +-- binary-extensions@1.10.0
122 silly idealTree +-- bluebird@3.5.1
122 silly idealTree +-- body-parser@1.18.2
122 silly idealTree +-- boxen@1.2.2
122 silly idealTree +-- brace-expansion@1.1.8
122 silly idealTree +-- braces@1.8.5
122 silly idealTree +-- bson@1.0.4
122 silly idealTree +-- buffer-shims@1.0.0
122 silly idealTree +-- bytes@3.0.0
122 silly idealTree +-- camelcase@4.1.0
122 silly idealTree +-- capture-stack-trace@1.0.0
122 silly idealTree +-- chalk@2.3.0
122 silly idealTree +-- chokidar@1.7.0
122 silly idealTree +-- cli-boxes@1.0.0
122 silly idealTree +-- code-point-at@1.1.0
122 silly idealTree +-- color-convert@1.9.0
122 silly idealTree +-- color-name@1.1.3
122 silly idealTree +-- commander@2.6.0
122 silly idealTree +-- concat-map@0.0.1
122 silly idealTree +-- concurrently@3.5.0
122 silly idealTree | +-- ansi-regex@0.2.1
122 silly idealTree | +-- ansi-styles@1.1.0
122 silly idealTree | +-- chalk@0.5.1
122 silly idealTree | | `-- supports-color@0.2.0
122 silly idealTree | +-- has-flag@1.0.0
122 silly idealTree | +-- strip-ansi@0.3.0
122 silly idealTree | `-- supports-color@3.2.3
122 silly idealTree +-- configstore@3.1.1
122 silly idealTree +-- content-disposition@0.5.2
122 silly idealTree +-- content-type@1.0.4
122 silly idealTree +-- cookie-session@2.0.0-beta.3
122 silly idealTree | `-- debug@3.1.0
122 silly idealTree +-- cookie-signature@1.0.6
122 silly idealTree +-- cookie@0.3.1
122 silly idealTree +-- cookies@0.7.1
122 silly idealTree +-- core-util-is@1.0.2
122 silly idealTree +-- create-error-class@3.0.2
122 silly idealTree +-- cross-spawn@5.1.0
122 silly idealTree +-- crypto-random-string@1.0.0
122 silly idealTree +-- date-fns@1.29.0
122 silly idealTree +-- debug@2.6.9
122 silly idealTree +-- deep-extend@0.4.2
122 silly idealTree +-- depd@1.1.1
122 silly idealTree +-- destroy@1.0.4
122 silly idealTree +-- dot-prop@4.2.0
122 silly idealTree +-- duplexer@0.1.1
122 silly idealTree +-- duplexer3@0.1.4
122 silly idealTree +-- ee-first@1.1.1
122 silly idealTree +-- encodeurl@1.0.1
122 silly idealTree +-- es6-promise@3.3.1
122 silly idealTree +-- escape-html@1.0.3
122 silly idealTree +-- escape-string-regexp@1.0.5
122 silly idealTree +-- etag@1.8.1
122 silly idealTree +-- event-stream@3.3.4
122 silly idealTree +-- execa@0.7.0
122 silly idealTree +-- expand-brackets@0.1.5
122 silly idealTree +-- expand-range@1.8.2
122 silly idealTree +-- express@4.16.2
122 silly idealTree +-- extglob@0.3.2
122 silly idealTree +-- filename-regex@2.0.1
122 silly idealTree +-- fill-range@2.2.3
122 silly idealTree +-- finalhandler@1.1.0
122 silly idealTree +-- for-in@1.0.2
122 silly idealTree +-- for-own@0.1.5
122 silly idealTree +-- forwarded@0.1.2
122 silly idealTree +-- fresh@0.5.2
122 silly idealTree +-- from@0.1.7
122 silly idealTree +-- get-stream@3.0.0
122 silly idealTree +-- glob-base@0.3.0
122 silly idealTree +-- glob-parent@2.0.0
122 silly idealTree +-- global-dirs@0.1.0
122 silly idealTree +-- got@6.7.1
122 silly idealTree +-- graceful-fs@4.1.11
122 silly idealTree +-- has-ansi@0.1.0
122 silly idealTree | `-- ansi-regex@0.2.1
122 silly idealTree +-- has-flag@2.0.0
122 silly idealTree +-- hooks-fixed@2.0.2
122 silly idealTree +-- http-errors@1.6.2
122 silly idealTree | `-- setprototypeof@1.0.3
122 silly idealTree +-- iconv-lite@0.4.19
122 silly idealTree +-- ignore-by-default@1.0.1
122 silly idealTree +-- import-lazy@2.1.0
122 silly idealTree +-- imurmurhash@0.1.4
122 silly idealTree +-- inherits@2.0.3
122 silly idealTree +-- ini@1.3.4
122 silly idealTree +-- ipaddr.js@1.5.2
122 silly idealTree +-- is-binary-path@1.0.1
122 silly idealTree +-- is-buffer@1.1.6
122 silly idealTree +-- is-dotfile@1.0.3
122 silly idealTree +-- is-equal-shallow@0.1.3
122 silly idealTree +-- is-extendable@0.1.1
122 silly idealTree +-- is-extglob@1.0.0
122 silly idealTree +-- is-fullwidth-code-point@2.0.0
122 silly idealTree +-- is-glob@2.0.1
122 silly idealTree +-- is-installed-globally@0.1.0
122 silly idealTree +-- is-npm@1.0.0
122 silly idealTree +-- is-number@2.1.0
122 silly idealTree +-- is-obj@1.0.1
122 silly idealTree +-- is-path-inside@1.0.0
122 silly idealTree +-- is-posix-bracket@0.1.1
122 silly idealTree +-- is-primitive@2.0.0
122 silly idealTree +-- is-redirect@1.0.0
122 silly idealTree +-- is-retry-allowed@1.1.0
122 silly idealTree +-- is-stream@1.1.0
122 silly idealTree +-- isarray@1.0.0
122 silly idealTree +-- isexe@2.0.0
122 silly idealTree +-- isobject@2.1.0
122 silly idealTree +-- kareem@1.5.0
122 silly idealTree +-- keygrip@1.0.2
122 silly idealTree +-- kind-of@3.2.2
122 silly idealTree +-- latest-version@3.1.0
122 silly idealTree +-- lodash._baseassign@3.2.0
122 silly idealTree +-- lodash._basecopy@3.0.1
122 silly idealTree +-- lodash._bindcallback@3.0.1
122 silly idealTree +-- lodash._createassigner@3.1.1
122 silly idealTree +-- lodash._getnative@3.9.1
122 silly idealTree +-- lodash._isiterateecall@3.0.9
122 silly idealTree +-- lodash.assign@3.2.0
122 silly idealTree +-- lodash.defaults@3.1.2
122 silly idealTree +-- lodash.isarguments@3.1.0
122 silly idealTree +-- lodash.isarray@3.0.4
122 silly idealTree +-- lodash.keys@3.1.2
122 silly idealTree +-- lodash.restparam@3.6.1
122 silly idealTree +-- lodash@4.17.4
122 silly idealTree +-- lowercase-keys@1.0.0
122 silly idealTree +-- lru-cache@4.1.1
122 silly idealTree +-- make-dir@1.1.0
122 silly idealTree +-- map-stream@0.1.0
122 silly idealTree +-- media-typer@0.3.0
122 silly idealTree +-- merge-descriptors@1.0.1
122 silly idealTree +-- methods@1.1.2
122 silly idealTree +-- micromatch@2.3.11
122 silly idealTree +-- mime-db@1.30.0
122 silly idealTree +-- mime-types@2.1.17
122 silly idealTree +-- mime@1.4.1
122 silly idealTree +-- minimatch@3.0.4
122 silly idealTree +-- minimist@1.2.0
122 silly idealTree +-- mongodb-core@2.1.17
122 silly idealTree +-- mongodb@2.2.33
122 silly idealTree | +-- es6-promise@3.2.1
122 silly idealTree | `-- readable-stream@2.2.7
122 silly idealTree +-- mongoose@4.12.5
122 silly idealTree +-- mpath@0.3.0
122 silly idealTree +-- mpromise@0.5.5
122 silly idealTree +-- mquery@2.3.2
122 silly idealTree | `-- sliced@0.0.5
122 silly idealTree +-- ms@2.0.0
122 silly idealTree +-- muri@1.3.0
122 silly idealTree +-- negotiator@0.6.1
122 silly idealTree +-- node-bin-setup@1.0.6
122 silly idealTree +-- node@9.0.0
122 silly idealTree +-- nodemon@1.12.1
122 silly idealTree +-- nopt@1.0.10
122 silly idealTree +-- normalize-path@2.1.1
122 silly idealTree +-- npm-run-path@2.0.2
122 silly idealTree +-- number-is-nan@1.0.1
122 silly idealTree +-- oauth@0.9.15
122 silly idealTree +-- object.omit@2.0.1
122 silly idealTree +-- on-finished@2.3.0
122 silly idealTree +-- on-headers@1.0.1
122 silly idealTree +-- p-finally@1.0.0
122 silly idealTree +-- package-json@4.0.1
122 silly idealTree +-- parse-glob@3.0.4
122 silly idealTree +-- parseurl@1.3.2
122 silly idealTree +-- passport-google-oauth20@1.0.0
122 silly idealTree +-- passport-oauth2@1.4.0
122 silly idealTree +-- passport-strategy@1.0.0
122 silly idealTree +-- passport@0.4.0
122 silly idealTree +-- path-is-absolute@1.0.1
122 silly idealTree +-- path-is-inside@1.0.2
122 silly idealTree +-- path-key@2.0.1
122 silly idealTree +-- path-to-regexp@0.1.7
122 silly idealTree +-- pause-stream@0.0.11
122 silly idealTree +-- pause@0.0.1
122 silly idealTree +-- pify@3.0.0
122 silly idealTree +-- prepend-http@1.0.4
122 silly idealTree +-- preserve@0.2.0
122 silly idealTree +-- process-nextick-args@1.0.7
122 silly idealTree +-- proxy-addr@2.0.2
122 silly idealTree +-- ps-tree@1.1.0
122 silly idealTree +-- pseudomap@1.0.2
122 silly idealTree +-- qs@6.5.1
122 silly idealTree +-- randomatic@1.1.7
122 silly idealTree | +-- is-number@3.0.0
122 silly idealTree | | `-- kind-of@3.2.2
122 silly idealTree | `-- kind-of@4.0.0
122 silly idealTree +-- range-parser@1.2.0
122 silly idealTree +-- raw-body@2.3.2
122 silly idealTree +-- rc@1.2.2
122 silly idealTree +-- readable-stream@2.3.3
122 silly idealTree +-- readdirp@2.1.0
122 silly idealTree +-- regex-cache@0.4.4
122 silly idealTree +-- regexp-clone@0.0.1
122 silly idealTree +-- registry-auth-token@3.3.1
122 silly idealTree +-- registry-url@3.1.0
122 silly idealTree +-- remove-trailing-separator@1.1.0
122 silly idealTree +-- repeat-element@1.1.2
122 silly idealTree +-- repeat-string@1.6.1
122 silly idealTree +-- require_optional@1.0.1
122 silly idealTree +-- resolve-from@2.0.0
122 silly idealTree +-- rx@2.3.24
122 silly idealTree +-- safe-buffer@5.1.1
122 silly idealTree +-- semver-diff@2.1.0
122 silly idealTree +-- semver@5.4.1
122 silly idealTree +-- send@0.16.1
122 silly idealTree +-- serve-static@1.13.1
122 silly idealTree +-- set-immediate-shim@1.0.1
122 silly idealTree +-- setprototypeof@1.1.0
122 silly idealTree +-- shebang-command@1.2.0
122 silly idealTree +-- shebang-regex@1.0.0
122 silly idealTree +-- signal-exit@3.0.2
122 silly idealTree +-- sliced@1.0.1
122 silly idealTree +-- spawn-command@0.0.2-1
122 silly idealTree +-- split@0.3.3
122 silly idealTree +-- statuses@1.3.1
122 silly idealTree +-- stream-combiner@0.0.4
122 silly idealTree +-- string_decoder@1.0.3
122 silly idealTree +-- string-width@2.1.1
122 silly idealTree +-- strip-ansi@4.0.0
122 silly idealTree +-- strip-eof@1.0.0
122 silly idealTree +-- strip-json-comments@2.0.1
122 silly idealTree +-- supports-color@4.5.0
122 silly idealTree +-- term-size@1.2.0
122 silly idealTree +-- through@2.3.8
122 silly idealTree +-- timed-out@4.0.1
122 silly idealTree +-- touch@3.1.0
122 silly idealTree +-- tree-kill@1.2.0
122 silly idealTree +-- type-is@1.6.15
122 silly idealTree +-- uid2@0.0.3
122 silly idealTree +-- undefsafe@0.0.3
122 silly idealTree +-- unique-string@1.0.0
122 silly idealTree +-- unpipe@1.0.0
122 silly idealTree +-- unzip-response@2.0.1
122 silly idealTree +-- update-notifier@2.3.0
122 silly idealTree +-- url-parse-lax@1.0.0
122 silly idealTree +-- util-deprecate@1.0.2
122 silly idealTree +-- utils-merge@1.0.1
122 silly idealTree +-- vary@1.1.2
122 silly idealTree +-- which@1.3.0
122 silly idealTree +-- widest-line@1.0.0
122 silly idealTree | +-- ansi-regex@2.1.1
122 silly idealTree | +-- is-fullwidth-code-point@1.0.0
122 silly idealTree | +-- string-width@1.0.2
122 silly idealTree | `-- strip-ansi@3.0.1
122 silly idealTree +-- write-file-atomic@2.3.0
122 silly idealTree +-- xdg-basedir@3.0.0
122 silly idealTree `-- yallist@2.1.2
123 silly generateActionsToTake Starting
124 silly install generateActionsToTake
125 silly generateActionsToTake Finishing
126 silly diffTrees action count 2
127 silly diffTrees add node-bin-setup@1.0.6
128 silly diffTrees add node@9.0.0
129 silly decomposeActions action count 16
130 silly decomposeActions fetch node-bin-setup@1.0.6
131 silly decomposeActions extract node-bin-setup@1.0.6
132 silly decomposeActions test node-bin-setup@1.0.6
133 silly decomposeActions preinstall node-bin-setup@1.0.6
134 silly decomposeActions build node-bin-setup@1.0.6
135 silly decomposeActions install node-bin-setup@1.0.6
136 silly decomposeActions postinstall node-bin-setup@1.0.6
137 silly decomposeActions finalize node-bin-setup@1.0.6
138 silly decomposeActions fetch node@9.0.0
139 silly decomposeActions extract node@9.0.0
140 silly decomposeActions test node@9.0.0
141 silly decomposeActions preinstall node@9.0.0
142 silly decomposeActions build node@9.0.0
143 silly decomposeActions install node@9.0.0
144 silly decomposeActions postinstall node@9.0.0
145 silly decomposeActions finalize node@9.0.0
146 silly runTopLevelLifecycles Starting
147 silly executeActions Starting
148 silly install executeActions
149 silly doSerial global-install 0
150 silly doParallel fetch 2
151 verbose correctMkdir C:\Users\user\AppData\Roaming\npm-cache\_locks correctMkdir not in flight; initializing
152 verbose lock using C:\Users\user\AppData\Roaming\npm-cache\_locks\staging-7b476ef2db569267.lock for F:\James\Documents\Projects\fullStackGrider\server\node_modules\.staging
153 silly doParallel extract 2
154 silly extract node-bin-setup@1.0.6
155 silly extract node@9.0.0
156 verbose unbuild node_modules\.staging\node-bin-setup-687e1ba5
157 verbose unbuild node_modules\.staging\node-e8db16cc
158 silly gentlyRm F:\James\Documents\Projects\fullStackGrider\server\node_modules\.staging\node-bin-setup-687e1ba5 is being purged from base F:\James\Documents\Projects\fullStackGrider\server
159 verbose gentlyRm don't care about contents; nuking F:\James\Documents\Projects\fullStackGrider\server\node_modules\.staging\node-bin-setup-687e1ba5
160 verbose tar unpack C:\Users\user\AppData\Roaming\npm-cache\node-bin-setup\1.0.6\package.tgz
161 verbose tar unpacking to F:\James\Documents\Projects\fullStackGrider\server\node_modules\.staging\node-bin-setup-687e1ba5
162 silly gentlyRm F:\James\Documents\Projects\fullStackGrider\server\node_modules\.staging\node-bin-setup-687e1ba5 is being purged
163 verbose gentlyRm don't care about contents; nuking F:\James\Documents\Projects\fullStackGrider\server\node_modules\.staging\node-bin-setup-687e1ba5
164 silly gentlyRm F:\James\Documents\Projects\fullStackGrider\server\node_modules\.staging\node-e8db16cc is being purged from base F:\James\Documents\Projects\fullStackGrider\server
165 verbose gentlyRm don't care about contents; nuking F:\James\Documents\Projects\fullStackGrider\server\node_modules\.staging\node-e8db16cc
166 silly gunzTarPerm modes [ '777', '666' ]
167 verbose tar unpack C:\Users\user\AppData\Roaming\npm-cache\node\9.0.0\package.tgz
168 verbose tar unpacking to F:\James\Documents\Projects\fullStackGrider\server\node_modules\.staging\node-e8db16cc
169 silly gentlyRm F:\James\Documents\Projects\fullStackGrider\server\node_modules\.staging\node-e8db16cc is being purged
170 verbose gentlyRm don't care about contents; nuking F:\James\Documents\Projects\fullStackGrider\server\node_modules\.staging\node-e8db16cc
171 silly gunzTarPerm modes [ '777', '666' ]
172 silly gunzTarPerm extractEntry package.json
173 silly gunzTarPerm modified mode [ 'package.json', 420, 438 ]
174 silly gunzTarPerm extractEntry package.json
175 silly gunzTarPerm modified mode [ 'package.json', 420, 438 ]
176 silly gunzTarPerm extractEntry index.js
177 silly gunzTarPerm modified mode [ 'index.js', 420, 438 ]
178 silly gunzTarPerm extractEntry installArchSpecificPackage.js
179 silly gunzTarPerm modified mode [ 'installArchSpecificPackage.js', 420, 438 ]
180 silly gunzTarPerm extractEntry README.md
181 silly gunzTarPerm modified mode [ 'README.md', 420, 438 ]
182 silly gentlyRm F:\James\Documents\Projects\fullStackGrider\server\node_modules\.staging\node-bin-setup-687e1ba5\node_modules is being purged
183 verbose gentlyRm don't care about contents; nuking F:\James\Documents\Projects\fullStackGrider\server\node_modules\.staging\node-bin-setup-687e1ba5\node_modules
184 silly gentlyRm F:\James\Documents\Projects\fullStackGrider\server\node_modules\.staging\node-e8db16cc\node_modules is being purged
185 verbose gentlyRm don't care about contents; nuking F:\James\Documents\Projects\fullStackGrider\server\node_modules\.staging\node-e8db16cc\node_modules
186 silly doParallel preinstall 2
187 silly preinstall node-bin-setup@1.0.6 F:\James\Documents\Projects\fullStackGrider\server\node_modules\.staging\node-bin-setup-687e1ba5
188 info lifecycle node-bin-setup@1.0.6~preinstall: node-bin-setup@1.0.6
189 silly preinstall node@9.0.0 F:\James\Documents\Projects\fullStackGrider\server\node_modules\.staging\node-e8db16cc
190 info lifecycle node@9.0.0~preinstall: node@9.0.0
191 silly lifecycle node-bin-setup@1.0.6~preinstall: no script for preinstall, continuing
192 verbose lifecycle node@9.0.0~preinstall: unsafe-perm in lifecycle true
193 verbose lifecycle node@9.0.0~preinstall: PATH: C:\Program Files\nodejs\node_modules\npm\bin\node-gyp-bin;F:\James\Documents\Projects\fullStackGrider\server\node_modules\.staging\node-e8db16cc\node_modules\.bin;F:\James\Documents\Projects\fullStackGrider\server\node_modules\.bin;C:\ProgramData\Oracle\Java\javapath;C:\Windows\system32;C:\Windows;C:\Windows\System32\Wbem;C:\Windows\System32\WindowsPowerShell\v1.0\;C:\WINDOWS\system32;C:\WINDOWS;C:\WINDOWS\System32\Wbem;C:\WINDOWS\System32\WindowsPowerShell\v1.0\;C:\Program Files (x86)\Skype\Phone\;C:\Program Files (x86)\GtkSharp\2.12\bin;C:\Program Files\PuTTY\;C:\Program Files (x86)\Brackets\command;C:\Program Files\Git\cmd;C:\Program Files (x86)\NVIDIA Corporation\PhysX\Common;C:\Program Files\nodejs\;C:\Users\user\AppData\Local\Microsoft\WindowsApps;C:\Users\user\AppData\Local\GitHubDesktop\bin;C:\Program Files\Microsoft VS Code\bin;C:\Users\user\AppData\Roaming\npm;C:\Program Files\nodejs\;C:\Users\user\AppData\Local\Android\sdk\platform-tools;C:\Program Files\Heroku\bin
194 verbose lifecycle node@9.0.0~preinstall: CWD: F:\James\Documents\Projects\fullStackGrider\server\node_modules\.staging\node-e8db16cc
195 silly lifecycle node@9.0.0~preinstall: Args: [ '/d /s /c', 'node installArchSpecificPackage' ]
196 silly lifecycle node@9.0.0~preinstall: Returned: code: 1  signal: null
197 info lifecycle node@9.0.0~preinstall: Failed to exec preinstall script
198 verbose unlock done using C:\Users\user\AppData\Roaming\npm-cache\_locks\staging-7b476ef2db569267.lock for F:\James\Documents\Projects\fullStackGrider\server\node_modules\.staging
199 silly rollbackFailedOptional Starting
200 silly rollbackFailedOptional Finishing
201 silly runTopLevelLifecycles Finishing
202 silly install printInstalled
203 warn optional SKIPPING OPTIONAL DEPENDENCY: fsevents@^1.0.0 (node_modules\chokidar\node_modules\fsevents):
204 warn notsup SKIPPING OPTIONAL DEPENDENCY: Unsupported platform for fsevents@1.1.2: wanted {"os":"darwin","arch":"any"} (current: {"os":"win32","arch":"x64"})
205 verbose notsup SKIPPING OPTIONAL DEPENDENCY: Valid OS:    darwin
205 verbose notsup SKIPPING OPTIONAL DEPENDENCY: Valid Arch:  any
205 verbose notsup SKIPPING OPTIONAL DEPENDENCY: Actual OS:   win32
205 verbose notsup SKIPPING OPTIONAL DEPENDENCY: Actual Arch: x64
206 warn server@1.0.0 No description
207 verbose If you need help, you may report this error at:
207 verbose     <https://github.com/npm/npm/issues>
208 warn server@1.0.0 No repository field.
209 verbose If you need help, you may report this error at:
209 verbose     <https://github.com/npm/npm/issues>
210 verbose stack Error: node@9.0.0 preinstall: `node installArchSpecificPackage`
210 verbose stack Exit status 1
210 verbose stack     at EventEmitter.<anonymous> (C:\Program Files\nodejs\node_modules\npm\lib\utils\lifecycle.js:255:16)
210 verbose stack     at emitTwo (events.js:106:13)
210 verbose stack     at EventEmitter.emit (events.js:191:7)
210 verbose stack     at ChildProcess.<anonymous> (C:\Program Files\nodejs\node_modules\npm\lib\utils\spawn.js:40:14)
210 verbose stack     at emitTwo (events.js:106:13)
210 verbose stack     at ChildProcess.emit (events.js:191:7)
210 verbose stack     at maybeClose (internal/child_process.js:920:16)
210 verbose stack     at Process.ChildProcess._handle.onexit (internal/child_process.js:230:5)
211 verbose pkgid node@9.0.0
212 verbose cwd F:\James\Documents\Projects\fullStackGrider\server
213 error Windows_NT 10.0.14393
214 error argv "C:\\Program Files\\nodejs\\node.exe" "C:\\Program Files\\nodejs\\node_modules\\npm\\bin\\npm-cli.js" "install" "--save" "node"
215 error node v6.11.4
216 error npm  v3.10.10
217 error code ELIFECYCLE
218 error node@9.0.0 preinstall: `node installArchSpecificPackage`
218 error Exit status 1
219 error Failed at the node@9.0.0 preinstall script 'node installArchSpecificPackage'.
219 error Make sure you have the latest version of node.js and npm installed.
219 error If you do, this is most likely a problem with the node package,
219 error not with npm itself.
219 error Tell the author that this fails on your system:
219 error     node installArchSpecificPackage
219 error You can get information on how to open an issue for this project with:
219 error     npm bugs node
219 error Or if that isn't available, you can get their info via:
219 error     npm owner ls node
219 error There is likely additional logging output above.
220 verbose exit [ 1, true ]
